<?xml version="1.0" encoding="UTF-8"?>
<!-- Generated by org.testng.reporters.JUnitReportReporter -->
<testsuite hostname="DESKTOP-9J4GMHQ" failures="0" tests="5" name="com.mystore.testcases.TC_ProductPage" time="8.423" errors="0" timestamp="2025-02-06T14:37:06 IST" skipped="0">
  <testcase classname="com.mystore.testcases.TC_ProductPage" name="verify_product_Header_is_displayed_in_products" time="4.896"/>
  <testcase classname="com.mystore.testcases.TC_ProductPage" name="verify_Specific_product_by_using_filter_option_in_products" time="1.980"/>
  <testcase classname="com.mystore.testcases.TC_ProductPage" name="verify_Specific_product_id_in_general_page" time="1.376"/>
  <testcase classname="com.mystore.testcases.TC_ProductPage" name="verify_Varient_section_in_specific_product_page" time="0.029"/>
  <testcase classname="com.mystore.testcases.TC_ProductPage" name="verify_user_is_navigated_to_Transform_page_for_specific_product" time="0.142"/>
</testsuite> <!-- com.mystore.testcases.TC_ProductPage -->
