<?xml version="1.0" encoding="UTF-8"?>
<!-- Generated by org.testng.reporters.JUnitReportReporter -->
<testsuite hostname="DESKTOP-9J4GMHQ" failures="0" tests="2" name="com.mystore.testcases.TC_loginPageTest" time="12.713" errors="0" timestamp="2024-12-18T22:34:57 IST" skipped="0">
  <testcase classname="com.mystore.testcases.TC_loginPageTest" name="verify_registration_and_logout" time="7.916"/>
  <testcase classname="com.mystore.testcases.TC_loginPageTest" name="verify_registration_and_login" time="4.797"/>
</testsuite> <!-- com.mystore.testcases.TC_loginPageTest -->
