<?xml version="1.0" encoding="UTF-8"?>
<!-- Generated by org.testng.reporters.JUnitReportReporter -->
<testsuite hostname="DESKTOP-9J4GMHQ" failures="0" tests="2" name="com.mystore.testcases.TC_SettingsPage" time="5.439" errors="0" timestamp="2025-02-06T14:37:06 IST" skipped="0">
  <testcase classname="com.mystore.testcases.TC_SettingsPage" name="verify_Specific_User_is_displayed_in_Settings_Invite_User" time="4.933"/>
  <testcase classname="com.mystore.testcases.TC_SettingsPage" name="verify_App_Configuration_id_in_Settings_page" time="0.506"/>
</testsuite> <!-- com.mystore.testcases.TC_SettingsPage -->
