<?xml version="1.0" encoding="UTF-8"?>
<!-- Generated by org.testng.reporters.JUnitReportReporter -->
<testsuite hostname="DESKTOP-9J4GMHQ" failures="0" tests="1" name="com.mystore.testcases.TC_registorPageTest" time="2.289" errors="0" timestamp="2024-09-19T22:11:27 IST" skipped="0">
  <testcase classname="com.mystore.testcases.TC_registorPageTest" name="verify_registration_and_login" time="2.289"/>
</testsuite> <!-- com.mystore.testcases.TC_registorPageTest -->
