<?xml version="1.0" encoding="UTF-8"?>
<!-- Generated by org.testng.reporters.JUnitReportReporter -->
<testsuite hostname="DESKTOP-9J4GMHQ" failures="0" tests="1" name="com.mystore.testcases.TC_registerPageTest" time="38.072" errors="0" timestamp="2024-12-02T21:22:58 IST" skipped="0">
  <testcase classname="com.mystore.testcases.TC_registerPageTest" name="verify_registration_and_login" time="38.072"/>
</testsuite> <!-- com.mystore.testcases.TC_registerPageTest -->
