<?xml version="1.0" encoding="UTF-8"?>
<!-- Generated by org.testng.reporters.JUnitReportReporter -->
<testsuite hostname="DESKTOP-9J4GMHQ" failures="0" tests="1" name="com.mystore.testcases.TC_logout" time="6.441" errors="0" timestamp="2024-12-18T22:32:11 IST" skipped="0">
  <testcase classname="com.mystore.testcases.TC_logout" name="verify_registration_and_logout" time="6.441"/>
</testsuite> <!-- com.mystore.testcases.TC_logout -->
