<?xml version="1.0" encoding="UTF-8"?>
<!-- Generated by org.testng.reporters.JUnitReportReporter -->
<testsuite hostname="DESKTOP-9J4GMHQ" failures="0" tests="5" name="com.mystore.testcases.TC_CategoriesPage" time="8.888" errors="0" timestamp="2025-02-06T14:37:06 IST" skipped="0">
  <testcase classname="com.mystore.testcases.TC_CategoriesPage" name="verify_category_header_is_displayed_in_categories" time="6.006"/>
  <testcase classname="com.mystore.testcases.TC_CategoriesPage" name="verify_Specific_category_by_using_filter_option_in_categories" time="1.095"/>
  <testcase classname="com.mystore.testcases.TC_CategoriesPage" name="verify_Specific_category_id_in_general_page" time="1.629"/>
  <testcase classname="com.mystore.testcases.TC_CategoriesPage" name="verify_product_section_in_specific_category_page" time="0.032"/>
  <testcase classname="com.mystore.testcases.TC_CategoriesPage" name="verify_user_is_navigated_to_Transform_page_for_specific_category" time="0.126"/>
</testsuite> <!-- com.mystore.testcases.TC_CategoriesPage -->
