<?xml version="1.0" encoding="UTF-8"?>
<!-- Generated by org.testng.reporters.JUnitReportReporter -->
<testsuite hostname="DESKTOP-9J4GMHQ" failures="0" tests="4" name="com.mystore.testcases.TC_VariantPage" time="8.170" errors="0" timestamp="2025-02-06T14:37:07 IST" skipped="0">
  <testcase classname="com.mystore.testcases.TC_VariantPage" name="verify_Specific_product_name_is_displayed_in_products" time="4.867"/>
  <testcase classname="com.mystore.testcases.TC_VariantPage" name="verify_Specific_Variant_by_using_filter_option_in_products" time="1.746"/>
  <testcase classname="com.mystore.testcases.TC_VariantPage" name="verify_Specific_Variant_id_in_general_page" time="1.422"/>
  <testcase classname="com.mystore.testcases.TC_VariantPage" name="verify_user_is_navigated_to_Transform_page_for_specific_Variant" time="0.135"/>
</testsuite> <!-- com.mystore.testcases.TC_VariantPage -->
