<?xml version="1.0" encoding="UTF-8"?>
<!-- Generated by org.testng.reporters.JUnitReportReporter -->
<testsuite hostname="DESKTOP-9J4GMHQ" failures="0" tests="2" name="com.mystore.testcases.example" time="0.010" errors="0" timestamp="2024-07-19T12:08:10 IST" skipped="0">
  <testcase classname="com.mystore.testcases.example" name="test1" time="0.008"/>
  <testcase classname="com.mystore.testcases.example" name="test2" time="0.002"/>
</testsuite> <!-- com.mystore.testcases.example -->
