<?xml version="1.0" encoding="UTF-8"?>
<!-- Generated by org.testng.reporters.JUnitReportReporter -->
<testsuite hostname="DESKTOP-9J4GMHQ" failures="0" tests="3" name="com.mystore.testcases.TC_UserAccess_Validation" time="115.338" errors="0" timestamp="2025-02-14T10:09:59 IST" skipped="0">
  <testcase classname="com.mystore.testcases.TC_UserAccess_Validation" name="Verify_AdminAccess" time="4.511"/>
  <testcase classname="com.mystore.testcases.TC_UserAccess_Validation" name="Verify_Basic_User_Access" time="65.110"/>
  <testcase classname="com.mystore.testcases.TC_UserAccess_Validation" name="Verify_Manager_Access" time="45.717"/>
</testsuite> <!-- com.mystore.testcases.TC_UserAccess_Validation -->
