<?xml version="1.0" encoding="UTF-8"?>
<!-- Generated by org.testng.reporters.JUnitReportReporter -->
<testsuite hostname="DESKTOP-9J4GMHQ" failures="0" tests="2" name="com.mystore.testcases.TC_loginPage" time="12.566" errors="0" timestamp="2025-02-06T14:37:07 IST" skipped="0">
  <testcase classname="com.mystore.testcases.TC_loginPage" name="verify_logout" time="8.023"/>
  <testcase classname="com.mystore.testcases.TC_loginPage" name="verify_login" time="4.543"/>
</testsuite> <!-- com.mystore.testcases.TC_loginPage -->
